2025-03-07T13:58:22.473+05:30  INFO 10928 --- [EmployeePayrollApp] [restartedMain] c.e.e.EmployeePayrollAppApplication      : Starting EmployeePayrollAppApplication using Java 23.0.2 with PID 10928 (D:\SpringBoot\employeepayrollapp\target\classes started by root in D:\SpringBoot\employeepayrollapp)
2025-03-07T13:58:22.478+05:30 DEBUG 10928 --- [EmployeePayrollApp] [restartedMain] c.e.e.EmployeePayrollAppApplication      : Running with Spring Boot v3.4.3, Spring v6.2.3
2025-03-07T13:58:22.480+05:30  INFO 10928 --- [EmployeePayrollApp] [restartedMain] c.e.e.EmployeePayrollAppApplication      : The following 1 profile is active: "dev"
2025-03-07T13:58:22.594+05:30  INFO 10928 --- [EmployeePayrollApp] [restartedMain] .e.DevToolsPropertyDefaultsPostProcessor : Devtools property defaults active! Set 'spring.devtools.add-properties' to 'false' to disable
2025-03-07T13:58:22.594+05:30  INFO 10928 --- [EmployeePayrollApp] [restartedMain] .e.DevToolsPropertyDefaultsPostProcessor : For additional web related logging consider setting the 'logging.level.web' property to 'DEBUG'
2025-03-07T13:58:24.088+05:30  INFO 10928 --- [EmployeePayrollApp] [restartedMain] .s.d.r.c.RepositoryConfigurationDelegate : Bootstrapping Spring Data JPA repositories in DEFAULT mode.
2025-03-07T13:58:24.206+05:30  INFO 10928 --- [EmployeePayrollApp] [restartedMain] .s.d.r.c.RepositoryConfigurationDelegate : Finished Spring Data repository scanning in 99 ms. Found 1 JPA repository interface.
2025-03-07T13:58:25.311+05:30  INFO 10928 --- [EmployeePayrollApp] [restartedMain] o.s.b.w.embedded.tomcat.TomcatWebServer  : Tomcat initialized with port 8080 (http)
2025-03-07T13:58:25.339+05:30  INFO 10928 --- [EmployeePayrollApp] [restartedMain] o.apache.catalina.core.StandardService   : Starting service [Tomcat]
2025-03-07T13:58:25.340+05:30  INFO 10928 --- [EmployeePayrollApp] [restartedMain] o.apache.catalina.core.StandardEngine    : Starting Servlet engine: [Apache Tomcat/10.1.36]
2025-03-07T13:58:25.444+05:30  INFO 10928 --- [EmployeePayrollApp] [restartedMain] o.a.c.c.C.[Tomcat].[localhost].[/]       : Initializing Spring embedded WebApplicationContext
2025-03-07T13:58:25.446+05:30  INFO 10928 --- [EmployeePayrollApp] [restartedMain] w.s.c.ServletWebServerApplicationContext : Root WebApplicationContext: initialization completed in 2850 ms
2025-03-07T13:58:25.731+05:30  INFO 10928 --- [EmployeePayrollApp] [restartedMain] o.hibernate.jpa.internal.util.LogHelper  : HHH000204: Processing PersistenceUnitInfo [name: default]
2025-03-07T13:58:25.853+05:30  INFO 10928 --- [EmployeePayrollApp] [restartedMain] org.hibernate.Version                    : HHH000412: Hibernate ORM core version 6.6.8.Final
2025-03-07T13:58:25.923+05:30  INFO 10928 --- [EmployeePayrollApp] [restartedMain] o.h.c.internal.RegionFactoryInitiator    : HHH000026: Second-level cache disabled
2025-03-07T13:58:26.436+05:30  INFO 10928 --- [EmployeePayrollApp] [restartedMain] o.s.o.j.p.SpringPersistenceUnitInfo      : No LoadTimeWeaver setup: ignoring JPA class transformer
2025-03-07T13:58:26.489+05:30  INFO 10928 --- [EmployeePayrollApp] [restartedMain] com.zaxxer.hikari.HikariDataSource       : HikariPool-1 - Starting...
2025-03-07T13:58:27.318+05:30  INFO 10928 --- [EmployeePayrollApp] [restartedMain] com.zaxxer.hikari.pool.HikariPool        : HikariPool-1 - Added connection com.mysql.cj.jdbc.ConnectionImpl@24b0d0e7
2025-03-07T13:58:27.322+05:30  INFO 10928 --- [EmployeePayrollApp] [restartedMain] com.zaxxer.hikari.HikariDataSource       : HikariPool-1 - Start completed.
2025-03-07T13:58:27.487+05:30  WARN 10928 --- [EmployeePayrollApp] [restartedMain] org.hibernate.orm.deprecation            : HHH90000025: MySQL8Dialect does not need to be specified explicitly using 'hibernate.dialect' (remove the property setting and it will be selected by default)
2025-03-07T13:58:27.489+05:30  WARN 10928 --- [EmployeePayrollApp] [restartedMain] org.hibernate.orm.deprecation            : HHH90000026: MySQL8Dialect has been deprecated; use org.hibernate.dialect.MySQLDialect instead
2025-03-07T13:58:27.537+05:30  INFO 10928 --- [EmployeePayrollApp] [restartedMain] org.hibernate.orm.connections.pooling    : HHH10001005: Database info:
	Database JDBC URL [Connecting through datasource 'HikariDataSource (HikariPool-1)']
	Database driver: undefined/unknown
	Database version: 8.0
	Autocommit mode: undefined/unknown
	Isolation level: undefined/unknown
	Minimum pool size: undefined/unknown
	Maximum pool size: undefined/unknown
2025-03-07T13:58:28.984+05:30  INFO 10928 --- [EmployeePayrollApp] [restartedMain] o.h.e.t.j.p.i.JtaPlatformInitiator       : HHH000489: No JTA platform available (set 'hibernate.transaction.jta.platform' to enable JTA platform integration)
2025-03-07T13:58:29.140+05:30  INFO 10928 --- [EmployeePayrollApp] [restartedMain] j.LocalContainerEntityManagerFactoryBean : Initialized JPA EntityManagerFactory for persistence unit 'default'
2025-03-07T13:58:29.815+05:30  WARN 10928 --- [EmployeePayrollApp] [restartedMain] JpaBaseConfiguration$JpaWebConfiguration : spring.jpa.open-in-view is enabled by default. Therefore, database queries may be performed during view rendering. Explicitly configure spring.jpa.open-in-view to disable this warning
2025-03-07T13:58:30.516+05:30  INFO 10928 --- [EmployeePayrollApp] [restartedMain] o.s.b.d.a.OptionalLiveReloadServer       : LiveReload server is running on port 35729
2025-03-07T13:58:30.567+05:30  INFO 10928 --- [EmployeePayrollApp] [restartedMain] o.s.b.w.embedded.tomcat.TomcatWebServer  : Tomcat started on port 8080 (http) with context path '/'
2025-03-07T13:58:30.583+05:30  INFO 10928 --- [EmployeePayrollApp] [restartedMain] c.e.e.EmployeePayrollAppApplication      : Started EmployeePayrollAppApplication in 9.087 seconds (process running for 10.179)
2025-03-07T13:58:30.589+05:30  INFO 10928 --- [EmployeePayrollApp] [restartedMain] c.e.e.EmployeePayrollAppApplication      : Employee Payroll App Started
